21:19:53 **** Rebuild of configuration Debug for project trabajo practico n° 1 crear una calculadora ****
Info: Internal Builder is used for build
gcc -O0 -g3 -Wall -c -fmessage-length=0 -o "src\\trabajo practico n° 1 crear una calculadora.o" "..\\src\\trabajo practico n° 1 crear una calculadora.c" 
gcc -o "trabajo practico n° 1 crear una calculadora.exe" "src\\trabajo practico n° 1 crear una calculadora.o" 
21:27:32 **** Incremental Build of configuration Debug for project trabajo practico n° 1 crear una calculadora ****
Info: Internal Builder is used for build
gcc -O0 -g3 -Wall -c -fmessage-length=0 -o "src\\trabajo practico n° 1 crear una calculadora.o" "..\\src\\trabajo practico n° 1 crear una calculadora.c" 
..\src\trabajo practico n° 1 crear una calculadora.c: In function 'menu':
..\src\trabajo practico n° 1 crear una calculadora.c:24:2: warning: implicit declaration of function 'pritf' [-Wimplicit-function-declaration]
  pritf("1.sumar");
  ^~~~~
..\src\trabajo practico n° 1 crear una calculadora.c:43:4: warning: implicit declaration of function 'sumar' [-Wimplicit-function-declaration]
    sumar (numero_a,numero_b);
    ^~~~~
..\src\trabajo practico n° 1 crear una calculadora.c:46:4: warning: implicit declaration of function 'restar' [-Wimplicit-function-declaration]
    restar(numero_a , numero_b);
    ^~~~~~
..\src\trabajo practico n° 1 crear una calculadora.c:49:4: warning: implicit declaration of function 'multiplicar' [-Wimplicit-function-declaration]
    multiplicar(numero_a,numero_b);
    ^~~~~~~~~~~
..\src\trabajo practico n° 1 crear una calculadora.c:52:4: warning: implicit declaration of function 'dividir' [-Wimplicit-function-declaration]
    dividir(numero_a,numero_b);
    ^~~~~~~
..\src\trabajo practico n° 1 crear una calculadora.c:62:7: warning: conflicting types for 'sumar'
  void sumar(int numero_a,int numero_b);
       ^~~~~
..\src\trabajo practico n° 1 crear una calculadora.c:43:4: note: previous implicit declaration of 'sumar' was here
    sumar (numero_a,numero_b);
    ^~~~~
..\src\trabajo practico n° 1 crear una calculadora.c:67:7: warning: conflicting types for 'restar'
  void restar(int numero_a,int numero_b);
       ^~~~~~
..\src\trabajo practico n° 1 crear una calculadora.c:46:4: note: previous implicit declaration of 'restar' was here
    restar(numero_a , numero_b);
    ^~~~~~
..\src\trabajo practico n° 1 crear una calculadora.c:72:7: warning: conflicting types for 'multiplicar'
  void multiplicar(int numero_a, int numero_b);
       ^~~~~~~~~~~
..\src\trabajo practico n° 1 crear una calculadora.c:49:4: note: previous implicit declaration of 'multiplicar' was here
    multiplicar(numero_a,numero_b);
    ^~~~~~~~~~~
..\src\trabajo practico n° 1 crear una calculadora.c:77:7: warning: conflicting types for 'dividir'
  void dividir(int numero_a, int numero_b);
       ^~~~~~~
..\src\trabajo practico n° 1 crear una calculadora.c:52:4: note: previous implicit declaration of 'dividir' was here
    dividir(numero_a,numero_b);
    ^~~~~~~
gcc -o "trabajo practico n° 1 crear una calculadora.exe" "src\\trabajo practico n° 1 crear una calculadora.o" 
src\trabajo practico n° 1 crear una calculadora.o: In function `menu':
C:\Users\micay\Desktop\trabajos practicos\tp_laboratorio_1\trabajo practico n° 1 crear una calculadora\Debug/../src/trabajo practico n° 1 crear una calculadora.c:24: undefined reference to `pritf'
C:\Users\micay\Desktop\trabajos practicos\tp_laboratorio_1\trabajo practico n° 1 crear una calculadora\Debug/../src/trabajo practico n° 1 crear una calculadora.c:25: undefined reference to `pritf'
C:\Users\micay\Desktop\trabajos practicos\tp_laboratorio_1\trabajo practico n° 1 crear una calculadora\Debug/../src/trabajo practico n° 1 crear una calculadora.c:43: undefined reference to `sumar'
C:\Users\micay\Desktop\trabajos practicos\tp_laboratorio_1\trabajo practico n° 1 crear una calculadora\Debug/../src/trabajo practico n° 1 crear una calculadora.c:46: undefined reference to `restar'
C:\Users\micay\Desktop\trabajos practicos\tp_laboratorio_1\trabajo practico n° 1 crear una calculadora\Debug/../src/trabajo practico n° 1 crear una calculadora.c:49: undefined reference to `multiplicar'
C:\Users\micay\Desktop\trabajos practicos\tp_laboratorio_1\trabajo practico n° 1 crear una calculadora\Debug/../src/trabajo practico n° 1 crear una calculadora.c:52: undefined reference to `dividir'
collect2.exe: error: ld returned 1 exit status
21:28:35 **** Incremental Build of configuration Debug for project trabajo practico n° 1 crear una calculadora ****
Info: Internal Builder is used for build
gcc -O0 -g3 -Wall -c -fmessage-length=0 -o "src\\trabajo practico n° 1 crear una calculadora.o" "..\\src\\trabajo practico n° 1 crear una calculadora.c" 
..\src\trabajo practico n° 1 crear una calculadora.c: In function 'menu':
..\src\trabajo practico n° 1 crear una calculadora.c:43:4: warning: implicit declaration of function 'sumar' [-Wimplicit-function-declaration]
    sumar (numero_a,numero_b);
    ^~~~~
..\src\trabajo practico n° 1 crear una calculadora.c:46:4: warning: implicit declaration of function 'restar' [-Wimplicit-function-declaration]
    restar(numero_a , numero_b);
    ^~~~~~
..\src\trabajo practico n° 1 crear una calculadora.c:49:4: warning: implicit declaration of function 'multiplicar' [-Wimplicit-function-declaration]
    multiplicar(numero_a,numero_b);
    ^~~~~~~~~~~
..\src\trabajo practico n° 1 crear una calculadora.c:52:4: warning: implicit declaration of function 'dividir' [-Wimplicit-function-declaration]
    dividir(numero_a,numero_b);
    ^~~~~~~
..\src\trabajo practico n° 1 crear una calculadora.c:62:7: warning: conflicting types for 'sumar'
  void sumar(int numero_a,int numero_b);
       ^~~~~
..\src\trabajo practico n° 1 crear una calculadora.c:43:4: note: previous implicit declaration of 'sumar' was here
    sumar (numero_a,numero_b);
    ^~~~~
..\src\trabajo practico n° 1 crear una calculadora.c:67:7: warning: conflicting types for 'restar'
  void restar(int numero_a,int numero_b);
       ^~~~~~
..\src\trabajo practico n° 1 crear una calculadora.c:46:4: note: previous implicit declaration of 'restar' was here
    restar(numero_a , numero_b);
    ^~~~~~
..\src\trabajo practico n° 1 crear una calculadora.c:72:7: warning: conflicting types for 'multiplicar'
  void multiplicar(int numero_a, int numero_b);
       ^~~~~~~~~~~
..\src\trabajo practico n° 1 crear una calculadora.c:49:4: note: previous implicit declaration of 'multiplicar' was here
    multiplicar(numero_a,numero_b);
    ^~~~~~~~~~~
..\src\trabajo practico n° 1 crear una calculadora.c:77:7: warning: conflicting types for 'dividir'
  void dividir(int numero_a, int numero_b);
       ^~~~~~~
..\src\trabajo practico n° 1 crear una calculadora.c:52:4: note: previous implicit declaration of 'dividir' was here
    dividir(numero_a,numero_b);
    ^~~~~~~
gcc -o "trabajo practico n° 1 crear una calculadora.exe" "src\\trabajo practico n° 1 crear una calculadora.o" 
src\trabajo practico n° 1 crear una calculadora.o: In function `menu':
C:\Users\micay\Desktop\trabajos practicos\tp_laboratorio_1\trabajo practico n° 1 crear una calculadora\Debug/../src/trabajo practico n° 1 crear una calculadora.c:43: undefined reference to `sumar'
C:\Users\micay\Desktop\trabajos practicos\tp_laboratorio_1\trabajo practico n° 1 crear una calculadora\Debug/../src/trabajo practico n° 1 crear una calculadora.c:46: undefined reference to `restar'
C:\Users\micay\Desktop\trabajos practicos\tp_laboratorio_1\trabajo practico n° 1 crear una calculadora\Debug/../src/trabajo practico n° 1 crear una calculadora.c:49: undefined reference to `multiplicar'
C:\Users\micay\Desktop\trabajos practicos\tp_laboratorio_1\trabajo practico n° 1 crear una calculadora\Debug/../src/trabajo practico n° 1 crear una calculadora.c:52: undefined reference to `dividir'
collect2.exe: error: ld returned 1 exit status
21:28:58 **** Incremental Build of configuration Debug for project trabajo practico n° 1 crear una calculadora ****
Info: Internal Builder is used for build
gcc -o "trabajo practico n° 1 crear una calculadora.exe" "src\\trabajo practico n° 1 crear una calculadora.o" 
src\trabajo practico n° 1 crear una calculadora.o: In function `menu':
C:\Users\micay\Desktop\trabajos practicos\tp_laboratorio_1\trabajo practico n° 1 crear una calculadora\Debug/../src/trabajo practico n° 1 crear una calculadora.c:43: undefined reference to `sumar'
C:\Users\micay\Desktop\trabajos practicos\tp_laboratorio_1\trabajo practico n° 1 crear una calculadora\Debug/../src/trabajo practico n° 1 crear una calculadora.c:46: undefined reference to `restar'
C:\Users\micay\Desktop\trabajos practicos\tp_laboratorio_1\trabajo practico n° 1 crear una calculadora\Debug/../src/trabajo practico n° 1 crear una calculadora.c:49: undefined reference to `multiplicar'
C:\Users\micay\Desktop\trabajos practicos\tp_laboratorio_1\trabajo practico n° 1 crear una calculadora\Debug/../src/trabajo practico n° 1 crear una calculadora.c:52: undefined reference to `dividir'
collect2.exe: error: ld returned 1 exit status
21:29:03 **** Incremental Build of configuration Debug for project trabajo practico n° 1 crear una calculadora ****
Info: Internal Builder is used for build
gcc -o "trabajo practico n° 1 crear una calculadora.exe" "src\\trabajo practico n° 1 crear una calculadora.o" 
src\trabajo practico n° 1 crear una calculadora.o: In function `menu':
C:\Users\micay\Desktop\trabajos practicos\tp_laboratorio_1\trabajo practico n° 1 crear una calculadora\Debug/../src/trabajo practico n° 1 crear una calculadora.c:43: undefined reference to `sumar'
C:\Users\micay\Desktop\trabajos practicos\tp_laboratorio_1\trabajo practico n° 1 crear una calculadora\Debug/../src/trabajo practico n° 1 crear una calculadora.c:46: undefined reference to `restar'
C:\Users\micay\Desktop\trabajos practicos\tp_laboratorio_1\trabajo practico n° 1 crear una calculadora\Debug/../src/trabajo practico n° 1 crear una calculadora.c:49: undefined reference to `multiplicar'
C:\Users\micay\Desktop\trabajos practicos\tp_laboratorio_1\trabajo practico n° 1 crear una calculadora\Debug/../src/trabajo practico n° 1 crear una calculadora.c:52: undefined reference to `dividir'
collect2.exe: error: ld returned 1 exit status
21:53:48 **** Incremental Build of configuration Debug for project trabajo practico n° 1 crear una calculadora ****
Info: Internal Builder is used for build
gcc -O0 -g3 -Wall -c -fmessage-length=0 -o "src\\trabajo practico n° 1 crear una calculadora.o" "..\\src\\trabajo practico n° 1 crear una calculadora.c" 
..\src\trabajo practico n° 1 crear una calculadora.c: In function 'menu':
..\src\trabajo practico n° 1 crear una calculadora.c:43:4: error: 'sumar' undeclared (first use in this function)
    sumar=(numero_a,numero_b);
    ^~~~~
..\src\trabajo practico n° 1 crear una calculadora.c:43:4: note: each undeclared identifier is reported only once for each function it appears in
..\src\trabajo practico n° 1 crear una calculadora.c:43:19: warning: left-hand operand of comma expression has no effect [-Wunused-value]
    sumar=(numero_a,numero_b);
                   ^
..\src\trabajo practico n° 1 crear una calculadora.c:46:4: error: 'restar' undeclared (first use in this function)
    restar=(numero_a , numero_b);
    ^~~~~~
..\src\trabajo practico n° 1 crear una calculadora.c:46:21: warning: left-hand operand of comma expression has no effect [-Wunused-value]
    restar=(numero_a , numero_b);
                     ^
..\src\trabajo practico n° 1 crear una calculadora.c:49:4: error: 'multiplicar' undeclared (first use in this function)
    multiplicar=(numero_a,numero_b);
    ^~~~~~~~~~~
..\src\trabajo practico n° 1 crear una calculadora.c:49:25: warning: left-hand operand of comma expression has no effect [-Wunused-value]
    multiplicar=(numero_a,numero_b);
                         ^
..\src\trabajo practico n° 1 crear una calculadora.c:52:4: error: 'dividir' undeclared (first use in this function)
    dividir=(numero_a,numero_b);
    ^~~~~~~
..\src\trabajo practico n° 1 crear una calculadora.c:52:21: warning: left-hand operand of comma expression has no effect [-Wunused-value]
    dividir=(numero_a,numero_b);
                     ^
22:01:56 **** Incremental Build of configuration Debug for project trabajo practico n° 1 crear una calculadora ****
Info: Internal Builder is used for build
gcc -O0 -g3 -Wall -c -fmessage-length=0 -o "src\\trabajo practico n° 1 crear una calculadora.o" "..\\src\\trabajo practico n° 1 crear una calculadora.c" 
gcc -o "trabajo practico n° 1 crear una calculadora.exe" "src\\trabajo practico n° 1 crear una calculadora.o" 
src\trabajo practico n° 1 crear una calculadora.o: In function `menu':
C:\Users\micay\Desktop\trabajos practicos\tp_laboratorio_1\trabajo practico n° 1 crear una calculadora\Debug/../src/trabajo practico n° 1 crear una calculadora.c:48: undefined reference to `sumar'
C:\Users\micay\Desktop\trabajos practicos\tp_laboratorio_1\trabajo practico n° 1 crear una calculadora\Debug/../src/trabajo practico n° 1 crear una calculadora.c:51: undefined reference to `restar'
C:\Users\micay\Desktop\trabajos practicos\tp_laboratorio_1\trabajo practico n° 1 crear una calculadora\Debug/../src/trabajo practico n° 1 crear una calculadora.c:54: undefined reference to `multiplicar'
C:\Users\micay\Desktop\trabajos practicos\tp_laboratorio_1\trabajo practico n° 1 crear una calculadora\Debug/../src/trabajo practico n° 1 crear una calculadora.c:57: undefined reference to `dividir'
collect2.exe: error: ld returned 1 exit status
22:03:37 **** Incremental Build of configuration Debug for project trabajo practico n° 1 crear una calculadora ****
Info: Internal Builder is used for build
gcc -O0 -g3 -Wall -c -fmessage-length=0 -o "src\\trabajo practico n° 1 crear una calculadora.o" "..\\src\\trabajo practico n° 1 crear una calculadora.c" 
..\src\trabajo practico n° 1 crear una calculadora.c: In function 'menu':
..\src\trabajo practico n° 1 crear una calculadora.c:48:10: error: expected expression before 'int'
    sumar(int numero_a, int numero_b);
          ^~~
..\src\trabajo practico n° 1 crear una calculadora.c:48:4: error: too few arguments to function 'sumar'
    sumar(int numero_a, int numero_b);
    ^~~~~
..\src\trabajo practico n° 1 crear una calculadora.c:11:6: note: declared here
 void sumar(int numero_a , int numero_b);
      ^~~~~
..\src\trabajo practico n° 1 crear una calculadora.c:51:11: error: expected expression before 'int'
    restar(int numero_a , int numero_b);
           ^~~
..\src\trabajo practico n° 1 crear una calculadora.c:51:4: error: too few arguments to function 'restar'
    restar(int numero_a , int numero_b);
    ^~~~~~
..\src\trabajo practico n° 1 crear una calculadora.c:12:6: note: declared here
 void restar(int numero_a , int numero_b);
      ^~~~~~
..\src\trabajo practico n° 1 crear una calculadora.c:54:16: error: expected expression before 'int'
    multiplicar(int numero_a,int numero_b);
                ^~~
..\src\trabajo practico n° 1 crear una calculadora.c:54:4: error: too few arguments to function 'multiplicar'
    multiplicar(int numero_a,int numero_b);
    ^~~~~~~~~~~
..\src\trabajo practico n° 1 crear una calculadora.c:13:6: note: declared here
 void multiplicar(int numero_a , int numero_b);
      ^~~~~~~~~~~
..\src\trabajo practico n° 1 crear una calculadora.c:57:12: error: expected expression before 'int'
    dividir(int numero_a, int numero_b);
            ^~~
..\src\trabajo practico n° 1 crear una calculadora.c:57:4: error: too few arguments to function 'dividir'
    dividir(int numero_a, int numero_b);
    ^~~~~~~
..\src\trabajo practico n° 1 crear una calculadora.c:14:6: note: declared here
 void dividir(int numero_a , int numero_b);
      ^~~~~~~
22:04:44 **** Incremental Build of configuration Debug for project trabajo practico n° 1 crear una calculadora ****
Info: Internal Builder is used for build
gcc -O0 -g3 -Wall -c -fmessage-length=0 -o "src\\trabajo practico n° 1 crear una calculadora.o" "..\\src\\trabajo practico n° 1 crear una calculadora.c" 
gcc -o "trabajo practico n° 1 crear una calculadora.exe" "src\\trabajo practico n° 1 crear una calculadora.o" 
src\trabajo practico n° 1 crear una calculadora.o: In function `menu':
C:\Users\micay\Desktop\trabajos practicos\tp_laboratorio_1\trabajo practico n° 1 crear una calculadora\Debug/../src/trabajo practico n° 1 crear una calculadora.c:48: undefined reference to `sumar'
C:\Users\micay\Desktop\trabajos practicos\tp_laboratorio_1\trabajo practico n° 1 crear una calculadora\Debug/../src/trabajo practico n° 1 crear una calculadora.c:51: undefined reference to `restar'
C:\Users\micay\Desktop\trabajos practicos\tp_laboratorio_1\trabajo practico n° 1 crear una calculadora\Debug/../src/trabajo practico n° 1 crear una calculadora.c:54: undefined reference to `multiplicar'
C:\Users\micay\Desktop\trabajos practicos\tp_laboratorio_1\trabajo practico n° 1 crear una calculadora\Debug/../src/trabajo practico n° 1 crear una calculadora.c:57: undefined reference to `dividir'
collect2.exe: error: ld returned 1 exit status
22:13:50 **** Incremental Build of configuration Debug for project trabajo practico n° 1 crear una calculadora ****
Info: Internal Builder is used for build
gcc -O0 -g3 -Wall -c -fmessage-length=0 -o "src\\trabajo practico n° 1 crear una calculadora.o" "..\\src\\trabajo practico n° 1 crear una calculadora.c" 
..\src\trabajo practico n° 1 crear una calculadora.c:26:9: error: two or more data types in declaration specifiers
     int void sumar(int numero_a , int numero_b);
         ^~~~
..\src\trabajo practico n° 1 crear una calculadora.c:26:14: error: conflicting types for 'sumar'
     int void sumar(int numero_a , int numero_b);
              ^~~~~
..\src\trabajo practico n° 1 crear una calculadora.c:11:6: note: previous declaration of 'sumar' was here
 void sumar(int numero_a , int numero_b);
      ^~~~~
..\src\trabajo practico n° 1 crear una calculadora.c:27:9: error: two or more data types in declaration specifiers
     int void restar(int numero_a , int numero_b);
         ^~~~
..\src\trabajo practico n° 1 crear una calculadora.c:27:14: error: conflicting types for 'restar'
     int void restar(int numero_a , int numero_b);
              ^~~~~~
..\src\trabajo practico n° 1 crear una calculadora.c:12:6: note: previous declaration of 'restar' was here
 void restar(int numero_a , int numero_b);
      ^~~~~~
..\src\trabajo practico n° 1 crear una calculadora.c:28:9: error: two or more data types in declaration specifiers
     int void multiplicar(int numero_a , int numero_b);
         ^~~~
..\src\trabajo practico n° 1 crear una calculadora.c:28:14: error: conflicting types for 'multiplicar'
     int void multiplicar(int numero_a , int numero_b);
              ^~~~~~~~~~~
..\src\trabajo practico n° 1 crear una calculadora.c:13:6: note: previous declaration of 'multiplicar' was here
 void multiplicar(int numero_a , int numero_b);
      ^~~~~~~~~~~
..\src\trabajo practico n° 1 crear una calculadora.c:29:9: error: two or more data types in declaration specifiers
     int void dividir(int numero_a , int numero_b);
         ^~~~
..\src\trabajo practico n° 1 crear una calculadora.c:29:14: error: conflicting types for 'dividir'
     int void dividir(int numero_a , int numero_b);
              ^~~~~~~
..\src\trabajo practico n° 1 crear una calculadora.c:14:6: note: previous declaration of 'dividir' was here
 void dividir(int numero_a , int numero_b);
      ^~~~~~~
22:14:19 **** Incremental Build of configuration Debug for project trabajo practico n° 1 crear una calculadora ****
Info: Internal Builder is used for build
gcc -O0 -g3 -Wall -c -fmessage-length=0 -o "src\\trabajo practico n° 1 crear una calculadora.o" "..\\src\\trabajo practico n° 1 crear una calculadora.c" 
gcc -o "trabajo practico n° 1 crear una calculadora.exe" "src\\trabajo practico n° 1 crear una calculadora.o" 
src\trabajo practico n° 1 crear una calculadora.o: In function `menu':
C:\Users\micay\Desktop\trabajos practicos\tp_laboratorio_1\trabajo practico n° 1 crear una calculadora\Debug/../src/trabajo practico n° 1 crear una calculadora.c:51: undefined reference to `sumar'
C:\Users\micay\Desktop\trabajos practicos\tp_laboratorio_1\trabajo practico n° 1 crear una calculadora\Debug/../src/trabajo practico n° 1 crear una calculadora.c:54: undefined reference to `restar'
C:\Users\micay\Desktop\trabajos practicos\tp_laboratorio_1\trabajo practico n° 1 crear una calculadora\Debug/../src/trabajo practico n° 1 crear una calculadora.c:57: undefined reference to `multiplicar'
C:\Users\micay\Desktop\trabajos practicos\tp_laboratorio_1\trabajo practico n° 1 crear una calculadora\Debug/../src/trabajo practico n° 1 crear una calculadora.c:60: undefined reference to `dividir'
collect2.exe: error: ld returned 1 exit status
22:14:40 **** Incremental Build of configuration Debug for project trabajo practico n° 1 crear una calculadora ****
Info: Internal Builder is used for build
gcc -O0 -g3 -Wall -c -fmessage-length=0 -o "src\\trabajo practico n° 1 crear una calculadora.o" "..\\src\\trabajo practico n° 1 crear una calculadora.c" 
gcc -o "trabajo practico n° 1 crear una calculadora.exe" "src\\trabajo practico n° 1 crear una calculadora.o" 
src\trabajo practico n° 1 crear una calculadora.o: In function `menu':
C:\Users\micay\Desktop\trabajos practicos\tp_laboratorio_1\trabajo practico n° 1 crear una calculadora\Debug/../src/trabajo practico n° 1 crear una calculadora.c:47: undefined reference to `sumar'
C:\Users\micay\Desktop\trabajos practicos\tp_laboratorio_1\trabajo practico n° 1 crear una calculadora\Debug/../src/trabajo practico n° 1 crear una calculadora.c:50: undefined reference to `restar'
C:\Users\micay\Desktop\trabajos practicos\tp_laboratorio_1\trabajo practico n° 1 crear una calculadora\Debug/../src/trabajo practico n° 1 crear una calculadora.c:53: undefined reference to `multiplicar'
C:\Users\micay\Desktop\trabajos practicos\tp_laboratorio_1\trabajo practico n° 1 crear una calculadora\Debug/../src/trabajo practico n° 1 crear una calculadora.c:56: undefined reference to `dividir'
collect2.exe: error: ld returned 1 exit status
22:15:58 **** Incremental Build of configuration Debug for project trabajo practico n° 1 crear una calculadora ****
Info: Internal Builder is used for build
gcc -O0 -g3 -Wall -c -fmessage-length=0 -o "src\\trabajo practico n° 1 crear una calculadora.o" "..\\src\\trabajo practico n° 1 crear una calculadora.c" 
..\src\trabajo practico n° 1 crear una calculadora.c:22:6: warning: data definition has no type or storage class
      sumar(int numero_a , int numero_b);
      ^~~~~
..\src\trabajo practico n° 1 crear una calculadora.c:22:6: warning: type defaults to 'int' in declaration of 'sumar' [-Wimplicit-int]
..\src\trabajo practico n° 1 crear una calculadora.c:23:6: warning: data definition has no type or storage class
      restar(int numero_a , int numero_b);
      ^~~~~~
..\src\trabajo practico n° 1 crear una calculadora.c:23:6: warning: type defaults to 'int' in declaration of 'restar' [-Wimplicit-int]
..\src\trabajo practico n° 1 crear una calculadora.c:24:6: warning: data definition has no type or storage class
      multiplicar(int numero_a , int numero_b);
      ^~~~~~~~~~~
..\src\trabajo practico n° 1 crear una calculadora.c:24:6: warning: type defaults to 'int' in declaration of 'multiplicar' [-Wimplicit-int]
..\src\trabajo practico n° 1 crear una calculadora.c:25:6: warning: data definition has no type or storage class
      dividir(int numero_a , int numero_b);
      ^~~~~~~
..\src\trabajo practico n° 1 crear una calculadora.c:25:6: warning: type defaults to 'int' in declaration of 'dividir' [-Wimplicit-int]
..\src\trabajo practico n° 1 crear una calculadora.c: In function 'menu':
..\src\trabajo practico n° 1 crear una calculadora.c:66:7: error: conflicting types for 'sumar'
  void sumar(int numero_a,int numero_b);
       ^~~~~
..\src\trabajo practico n° 1 crear una calculadora.c:22:6: note: previous declaration of 'sumar' was here
      sumar(int numero_a , int numero_b);
      ^~~~~
..\src\trabajo practico n° 1 crear una calculadora.c:71:7: error: conflicting types for 'restar'
  void restar(int numero_a,int numero_b);
       ^~~~~~
..\src\trabajo practico n° 1 crear una calculadora.c:23:6: note: previous declaration of 'restar' was here
      restar(int numero_a , int numero_b);
      ^~~~~~
..\src\trabajo practico n° 1 crear una calculadora.c:76:7: error: conflicting types for 'multiplicar'
  void multiplicar(int numero_a, int numero_b);
       ^~~~~~~~~~~
..\src\trabajo practico n° 1 crear una calculadora.c:24:6: note: previous declaration of 'multiplicar' was here
      multiplicar(int numero_a , int numero_b);
      ^~~~~~~~~~~
..\src\trabajo practico n° 1 crear una calculadora.c:81:7: error: conflicting types for 'dividir'
  void dividir(int numero_a, int numero_b);
       ^~~~~~~
..\src\trabajo practico n° 1 crear una calculadora.c:25:6: note: previous declaration of 'dividir' was here
      dividir(int numero_a , int numero_b);
      ^~~~~~~
22:16:10 **** Incremental Build of configuration Debug for project trabajo practico n° 1 crear una calculadora ****
Info: Internal Builder is used for build
gcc -O0 -g3 -Wall -c -fmessage-length=0 -o "src\\trabajo practico n° 1 crear una calculadora.o" "..\\src\\trabajo practico n° 1 crear una calculadora.c" 
gcc -o "trabajo practico n° 1 crear una calculadora.exe" "src\\trabajo practico n° 1 crear una calculadora.o" 
src\trabajo practico n° 1 crear una calculadora.o: In function `menu':
C:\Users\micay\Desktop\trabajos practicos\tp_laboratorio_1\trabajo practico n° 1 crear una calculadora\Debug/../src/trabajo practico n° 1 crear una calculadora.c:47: undefined reference to `sumar'
C:\Users\micay\Desktop\trabajos practicos\tp_laboratorio_1\trabajo practico n° 1 crear una calculadora\Debug/../src/trabajo practico n° 1 crear una calculadora.c:50: undefined reference to `restar'
C:\Users\micay\Desktop\trabajos practicos\tp_laboratorio_1\trabajo practico n° 1 crear una calculadora\Debug/../src/trabajo practico n° 1 crear una calculadora.c:53: undefined reference to `multiplicar'
C:\Users\micay\Desktop\trabajos practicos\tp_laboratorio_1\trabajo practico n° 1 crear una calculadora\Debug/../src/trabajo practico n° 1 crear una calculadora.c:56: undefined reference to `dividir'
collect2.exe: error: ld returned 1 exit status
22:17:39 **** Incremental Build of configuration Debug for project trabajo practico n° 1 crear una calculadora ****
Info: Internal Builder is used for build
gcc -O0 -g3 -Wall -c -fmessage-length=0 -o "src\\trabajo practico n° 1 crear una calculadora.o" "..\\src\\trabajo practico n° 1 crear una calculadora.c" 
..\src\trabajo practico n° 1 crear una calculadora.c: In function 'menu':
..\src\trabajo practico n° 1 crear una calculadora.c:47:11: error: called object is not a function or function pointer
   case 1: "sumar" (numero_a,numero_b);
           ^~~~~~~
..\src\trabajo practico n° 1 crear una calculadora.c:50:4: error: called object is not a function or function pointer
    "restar"(numero_a,numero_b);
    ^~~~~~~~
..\src\trabajo practico n° 1 crear una calculadora.c:53:4: error: called object is not a function or function pointer
    "multiplicar"(numero_a,numero_b);
    ^~~~~~~~~~~~~
..\src\trabajo practico n° 1 crear una calculadora.c:56:4: error: called object is not a function or function pointer
    "dividir"(numero_a,numero_b);
    ^~~~~~~~~
22:19:02 **** Incremental Build of configuration Debug for project trabajo practico n° 1 crear una calculadora ****
Info: Internal Builder is used for build
gcc -O0 -g3 -Wall -c -fmessage-length=0 -o "src\\trabajo practico n° 1 crear una calculadora.o" "..\\src\\trabajo practico n° 1 crear una calculadora.c" 
gcc -o "trabajo practico n° 1 crear una calculadora.exe" "src\\trabajo practico n° 1 crear una calculadora.o" 
src\trabajo practico n° 1 crear una calculadora.o: In function `menu':
C:\Users\micay\Desktop\trabajos practicos\tp_laboratorio_1\trabajo practico n° 1 crear una calculadora\Debug/../src/trabajo practico n° 1 crear una calculadora.c:47: undefined reference to `sumar'
C:\Users\micay\Desktop\trabajos practicos\tp_laboratorio_1\trabajo practico n° 1 crear una calculadora\Debug/../src/trabajo practico n° 1 crear una calculadora.c:50: undefined reference to `restar'
C:\Users\micay\Desktop\trabajos practicos\tp_laboratorio_1\trabajo practico n° 1 crear una calculadora\Debug/../src/trabajo practico n° 1 crear una calculadora.c:53: undefined reference to `multiplicar'
C:\Users\micay\Desktop\trabajos practicos\tp_laboratorio_1\trabajo practico n° 1 crear una calculadora\Debug/../src/trabajo practico n° 1 crear una calculadora.c:56: undefined reference to `dividir'
collect2.exe: error: ld returned 1 exit status
22:21:13 **** Incremental Build of configuration Debug for project trabajo practico n° 1 crear una calculadora ****
Info: Internal Builder is used for build
gcc -O0 -g3 -Wall -c -fmessage-length=0 -o "src\\trabajo practico n° 1 crear una calculadora.o" "..\\src\\trabajo practico n° 1 crear una calculadora.c" 
gcc -o "trabajo practico n° 1 crear una calculadora.exe" "src\\trabajo practico n° 1 crear una calculadora.o" 
src\trabajo practico n° 1 crear una calculadora.o: In function `menu':
C:\Users\micay\Desktop\trabajos practicos\tp_laboratorio_1\trabajo practico n° 1 crear una calculadora\Debug/../src/trabajo practico n° 1 crear una calculadora.c:48: undefined reference to `sumar'
C:\Users\micay\Desktop\trabajos practicos\tp_laboratorio_1\trabajo practico n° 1 crear una calculadora\Debug/../src/trabajo practico n° 1 crear una calculadora.c:51: undefined reference to `restar'
C:\Users\micay\Desktop\trabajos practicos\tp_laboratorio_1\trabajo practico n° 1 crear una calculadora\Debug/../src/trabajo practico n° 1 crear una calculadora.c:54: undefined reference to `multiplicar'
C:\Users\micay\Desktop\trabajos practicos\tp_laboratorio_1\trabajo practico n° 1 crear una calculadora\Debug/../src/trabajo practico n° 1 crear una calculadora.c:57: undefined reference to `dividir'
collect2.exe: error: ld returned 1 exit status
22:22:39 **** Incremental Build of configuration Debug for project trabajo practico n° 1 crear una calculadora ****
Info: Internal Builder is used for build
gcc -O0 -g3 -Wall -c -fmessage-length=0 -o "src\\trabajo practico n° 1 crear una calculadora.o" "..\\src\\trabajo practico n° 1 crear una calculadora.c" 
..\src\trabajo practico n° 1 crear una calculadora.c: In function 'menu':
..\src\trabajo practico n° 1 crear una calculadora.c:39:2: error: expected identifier or '(' before 'int'
  int numero_b;
  ^~~
..\src\trabajo practico n° 1 crear una calculadora.c:44:18: error: 'numero_b' undeclared (first use in this function)
   scanf("%i" , & numero_b);
                  ^~~~~~~~
..\src\trabajo practico n° 1 crear una calculadora.c:44:18: note: each undeclared identifier is reported only once for each function it appears in
17:03:36 **** Incremental Build of configuration Debug for project trabajo practico n° 1 crear una calculadora ****
Info: Internal Builder is used for build
gcc -O0 -g3 -Wall -c -fmessage-length=0 -o "src\\trabajo practico n° 1 crear una calculadora.o" "..\\src\\trabajo practico n° 1 crear una calculadora.c" 
..\src\trabajo practico n° 1 crear una calculadora.c: In function 'main':
..\src\trabajo practico n° 1 crear una calculadora.c:19:3: error: expected identifier or '(' before 'int'
   int numero_b;
   ^~~
..\src\trabajo practico n° 1 crear una calculadora.c:24:19: error: 'numero_b' undeclared (first use in this function)
    scanf("%i" , & numero_b);
                   ^~~~~~~~
..\src\trabajo practico n° 1 crear una calculadora.c:24:19: note: each undeclared identifier is reported only once for each function it appears in
..\src\trabajo practico n° 1 crear una calculadora.c: In function 'menu':
..\src\trabajo practico n° 1 crear una calculadora.c:50:10: error: 'numero_a' undeclared (first use in this function)
    sumar(numero_a,numero_b);
          ^~~~~~~~
..\src\trabajo practico n° 1 crear una calculadora.c:50:19: error: 'numero_b' undeclared (first use in this function)
    sumar(numero_a,numero_b);
                   ^~~~~~~~
17:04:21 **** Incremental Build of configuration Debug for project trabajo practico n° 1 crear una calculadora ****
Info: Internal Builder is used for build
gcc -O0 -g3 -Wall -c -fmessage-length=0 -o "src\\trabajo practico n° 1 crear una calculadora.o" "..\\src\\trabajo practico n° 1 crear una calculadora.c" 
..\src\trabajo practico n° 1 crear una calculadora.c: In function 'main':
..\src\trabajo practico n° 1 crear una calculadora.c:19:3: error: expected identifier or '(' before 'int'
   int numero_b;
   ^~~
..\src\trabajo practico n° 1 crear una calculadora.c:24:19: error: 'numero_b' undeclared (first use in this function)
    scanf("%i" , & numero_b);
                   ^~~~~~~~
..\src\trabajo practico n° 1 crear una calculadora.c:24:19: note: each undeclared identifier is reported only once for each function it appears in
..\src\trabajo practico n° 1 crear una calculadora.c: In function 'menu':
..\src\trabajo practico n° 1 crear una calculadora.c:46:2: error: expected identifier or '(' before 'int'
  int numero_b;
  ^~~
..\src\trabajo practico n° 1 crear una calculadora.c:51:18: error: 'numero_b' undeclared (first use in this function)
   scanf("%i" , & numero_b);
                  ^~~~~~~~
17:07:03 **** Incremental Build of configuration Debug for project trabajo practico n° 1 crear una calculadora ****
Info: Internal Builder is used for build
gcc -O0 -g3 -Wall -c -fmessage-length=0 -o "src\\trabajo practico n° 1 crear una calculadora.o" "..\\src\\trabajo practico n° 1 crear una calculadora.c" 
..\src\trabajo practico n° 1 crear una calculadora.c: In function 'main':
..\src\trabajo practico n° 1 crear una calculadora.c:19:2: error: expected identifier or '(' before 'int'
  int numero_b;
  ^~~
..\src\trabajo practico n° 1 crear una calculadora.c:24:15: error: 'numero_b' undeclared (first use in this function)
   scanf("%i",&numero_b);
               ^~~~~~~~
..\src\trabajo practico n° 1 crear una calculadora.c:24:15: note: each undeclared identifier is reported only once for each function it appears in
..\src\trabajo practico n° 1 crear una calculadora.c: In function 'menu':
..\src\trabajo practico n° 1 crear una calculadora.c:46:2: error: expected identifier or '(' before 'int'
  int numero_b;
  ^~~
..\src\trabajo practico n° 1 crear una calculadora.c:51:15: error: 'numero_b' undeclared (first use in this function)
   scanf("%i",&numero_b);
               ^~~~~~~~
21:34:21 **** Incremental Build of configuration Debug for project trabajo practico n° 1 crear una calculadora ****
Info: Internal Builder is used for build
gcc -O0 -g3 -Wall -c -fmessage-length=0 -o "src\\trabajo practico n° 1 crear una calculadora.o" "..\\src\\trabajo practico n° 1 crear una calculadora.c" 
..\src\trabajo practico n° 1 crear una calculadora.c: In function 'main':
..\src\trabajo practico n° 1 crear una calculadora.c:19:2: error: expected identifier or '(' before 'int'
  int numerob;
  ^~~
..\src\trabajo practico n° 1 crear una calculadora.c:21:15: error: 'numero_a' undeclared (first use in this function)
   scanf("%i",&numero_a);
               ^~~~~~~~
..\src\trabajo practico n° 1 crear una calculadora.c:21:15: note: each undeclared identifier is reported only once for each function it appears in
..\src\trabajo practico n° 1 crear una calculadora.c:24:15: error: 'numero_b' undeclared (first use in this function)
   scanf("%i",&numero_b);
               ^~~~~~~~
..\src\trabajo practico n° 1 crear una calculadora.c:18:6: warning: unused variable 'numeroa' [-Wunused-variable]
  int numeroa,
      ^~~~~~~
..\src\trabajo practico n° 1 crear una calculadora.c: In function 'menu':
..\src\trabajo practico n° 1 crear una calculadora.c:46:2: error: expected identifier or '(' before 'int'
  int numero_b;
  ^~~
..\src\trabajo practico n° 1 crear una calculadora.c:51:15: error: 'numero_b' undeclared (first use in this function)
   scanf("%i",&numero_b);
               ^~~~~~~~
